[ 2019-02-16T13:53:01+08:00 ] ::1 /index.php/user/info?token=555&_=1550296381474&callback=axiosJsonpCallback1
INFO: [ app_init ] --START--
INFO: Run Behavior\BuildLiteBehavior [ RunTime:0.000000s ]
INFO: [ app_init ] --END-- [ RunTime:0.001000s ]
ERR: 无法加载模块:User

[ 2019-02-16T14:03:49+08:00 ] ::1 /index.php/user/info?token=555&_=1550297029352&callback=axiosJsonpCallback2
INFO: [ app_init ] --START--
INFO: Run Behavior\BuildLiteBehavior [ RunTime:0.000000s ]
INFO: [ app_init ] --END-- [ RunTime:0.000000s ]
ERR: 无法加载模块:User

[ 2019-02-16T14:06:52+08:00 ] ::1 /index.php/user/info?token=555&_=1550297212691&callback=axiosJsonpCallback1
INFO: [ app_init ] --START--
INFO: Run Behavior\BuildLiteBehavior [ RunTime:0.000000s ]
INFO: [ app_init ] --END-- [ RunTime:0.001000s ]
ERR: 无法加载模块:User

[ 2019-02-16T14:07:06+08:00 ] ::1 /index.php/user/info?token=555&_=1550297226459&callback=axiosJsonpCallback1
INFO: [ app_init ] --START--
INFO: Run Behavior\BuildLiteBehavior [ RunTime:0.000000s ]
INFO: [ app_init ] --END-- [ RunTime:0.000000s ]
ERR: 无法加载模块:User

[ 2019-02-16T14:08:06+08:00 ] ::1 /index.php/user/info?token=555&_=1550297286317&callback=axiosJsonpCallback1
INFO: [ app_init ] --START--
INFO: Run Behavior\BuildLiteBehavior [ RunTime:0.000000s ]
INFO: [ app_init ] --END-- [ RunTime:0.001000s ]
ERR: 无法加载模块:User

[ 2019-02-16T14:08:12+08:00 ] ::1 /index.php/user/info?token=555&_=1550297292468&callback=axiosJsonpCallback1
INFO: [ app_init ] --START--
INFO: Run Behavior\BuildLiteBehavior [ RunTime:0.000000s ]
INFO: [ app_init ] --END-- [ RunTime:0.002000s ]
ERR: 无法加载模块:User

[ 2019-02-16T14:08:20+08:00 ] ::1 /index.php/user/info?token=555&_=1550297300287&callback=axiosJsonpCallback1
INFO: [ app_init ] --START--
INFO: Run Behavior\BuildLiteBehavior [ RunTime:0.000000s ]
INFO: [ app_init ] --END-- [ RunTime:0.000000s ]
ERR: 无法加载模块:User

[ 2019-02-16T14:10:43+08:00 ] ::1 /index.php/user/info?token=555&_=1550297443173&callback=axiosJsonpCallback1
INFO: [ app_init ] --START--
INFO: Run Behavior\BuildLiteBehavior [ RunTime:0.000000s ]
INFO: [ app_init ] --END-- [ RunTime:0.000000s ]
ERR: 无法加载模块:User

[ 2019-02-16T14:11:01+08:00 ] ::1 /index.php/user/info?token=555&_=1550297461686&callback=axiosJsonpCallback1
INFO: [ app_init ] --START--
INFO: Run Behavior\BuildLiteBehavior [ RunTime:0.001000s ]
INFO: [ app_init ] --END-- [ RunTime:0.001000s ]
ERR: 无法加载模块:User

[ 2019-02-16T14:11:26+08:00 ] ::1 /index.php/user/info?token=555&_=1550297486170&callback=axiosJsonpCallback1
INFO: [ app_init ] --START--
INFO: Run Behavior\BuildLiteBehavior [ RunTime:0.000000s ]
INFO: [ app_init ] --END-- [ RunTime:0.001000s ]
ERR: 无法加载模块:User

[ 2019-02-16T14:11:38+08:00 ] ::1 /index.php/user/info?token=555&_=1550297498506&callback=axiosJsonpCallback1
INFO: [ app_init ] --START--
INFO: Run Behavior\BuildLiteBehavior [ RunTime:0.000000s ]
INFO: [ app_init ] --END-- [ RunTime:0.001000s ]
ERR: 无法加载模块:User

[ 2019-02-16T14:12:57+08:00 ] ::1 /index.php/user/info?token=555&_=1550297576988&callback=axiosJsonpCallback1
INFO: [ app_init ] --START--
INFO: Run Behavior\BuildLiteBehavior [ RunTime:0.000000s ]
INFO: [ app_init ] --END-- [ RunTime:0.000000s ]
ERR: 无法加载模块:User

[ 2019-02-16T14:13:06+08:00 ] ::1 /index.php/user/info?token=555&_=1550297586625&callback=axiosJsonpCallback1
INFO: [ app_init ] --START--
INFO: Run Behavior\BuildLiteBehavior [ RunTime:0.000000s ]
INFO: [ app_init ] --END-- [ RunTime:0.001000s ]
ERR: 无法加载模块:User

[ 2019-02-16T14:14:04+08:00 ] ::1 /index.php/user/info?token=555&_=1550297644550&callback=axiosJsonpCallback1
INFO: [ app_init ] --START--
INFO: Run Behavior\BuildLiteBehavior [ RunTime:0.000000s ]
INFO: [ app_init ] --END-- [ RunTime:0.001000s ]
ERR: 无法加载模块:User

[ 2019-02-16T14:14:12+08:00 ] ::1 /index.php/user/info?token=555&_=1550297651981&callback=axiosJsonpCallback1
INFO: [ app_init ] --START--
INFO: Run Behavior\BuildLiteBehavior [ RunTime:0.000000s ]
INFO: [ app_init ] --END-- [ RunTime:0.001000s ]
ERR: 无法加载模块:User

[ 2019-02-16T14:14:23+08:00 ] ::1 /index.php/user/info?token=555&_=1550297663731&callback=axiosJsonpCallback1
INFO: [ app_init ] --START--
INFO: Run Behavior\BuildLiteBehavior [ RunTime:0.000000s ]
INFO: [ app_init ] --END-- [ RunTime:0.001000s ]
ERR: 无法加载模块:User

[ 2019-02-16T14:14:51+08:00 ] ::1 /index.php/user/info?token=555&_=1550297691519&callback=axiosJsonpCallback1
INFO: [ app_init ] --START--
INFO: Run Behavior\BuildLiteBehavior [ RunTime:0.000000s ]
INFO: [ app_init ] --END-- [ RunTime:0.001000s ]
ERR: 无法加载模块:User

[ 2019-02-16T14:15:42+08:00 ] ::1 /index.php/user/info?token=555&_=1550297742110&callback=axiosJsonpCallback1
INFO: [ app_init ] --START--
INFO: Run Behavior\BuildLiteBehavior [ RunTime:0.000000s ]
INFO: [ app_init ] --END-- [ RunTime:0.001000s ]
ERR: 无法加载模块:User

[ 2019-02-16T14:16:12+08:00 ] ::1 /index.php/user/info?token=555&_=1550297772480&callback=axiosJsonpCallback1
INFO: [ app_init ] --START--
INFO: Run Behavior\BuildLiteBehavior [ RunTime:0.000000s ]
INFO: [ app_init ] --END-- [ RunTime:0.000000s ]
ERR: 无法加载模块:User

[ 2019-02-16T14:16:27+08:00 ] ::1 /index.php/user/info?token=555&_=1550297787098&callback=axiosJsonpCallback1
INFO: [ app_init ] --START--
INFO: Run Behavior\BuildLiteBehavior [ RunTime:0.000000s ]
INFO: [ app_init ] --END-- [ RunTime:0.001000s ]
ERR: 无法加载模块:User

[ 2019-02-16T14:16:43+08:00 ] ::1 /index.php/user/info?token=555&_=1550297803261&callback=axiosJsonpCallback1
INFO: [ app_init ] --START--
INFO: Run Behavior\BuildLiteBehavior [ RunTime:0.000000s ]
INFO: [ app_init ] --END-- [ RunTime:0.001000s ]
ERR: 无法加载模块:User

