[ 2019-02-13T21:41:36+08:00 ] ::1 /index.php/user/info?token=555&_=1550065296809&callback=axiosJsonpCallback1
INFO: [ app_init ] --START--
INFO: Run Behavior\BuildLiteBehavior [ RunTime:0.000000s ]
INFO: [ app_init ] --END-- [ RunTime:0.001000s ]
ERR: 无法加载模块:User

[ 2019-02-13T21:42:10+08:00 ] ::1 /index.php/user/info?token=555&_=1550065330699&callback=axiosJsonpCallback1
INFO: [ app_init ] --START--
INFO: Run Behavior\BuildLiteBehavior [ RunTime:0.000000s ]
INFO: [ app_init ] --END-- [ RunTime:0.001000s ]
ERR: 无法加载模块:User

[ 2019-02-13T21:42:14+08:00 ] ::1 /index.php/user/info?token=555&_=1550065334665&callback=axiosJsonpCallback1
INFO: [ app_init ] --START--
INFO: Run Behavior\BuildLiteBehavior [ RunTime:0.000000s ]
INFO: [ app_init ] --END-- [ RunTime:0.001000s ]
ERR: 无法加载模块:User

[ 2019-02-13T21:42:21+08:00 ] ::1 /index.php/user/info?token=555&_=1550065341890&callback=axiosJsonpCallback2
INFO: [ app_init ] --START--
INFO: Run Behavior\BuildLiteBehavior [ RunTime:0.000000s ]
INFO: [ app_init ] --END-- [ RunTime:0.000000s ]
ERR: 无法加载模块:User

[ 2019-02-13T21:42:35+08:00 ] ::1 /index.php/user/info?token=555&_=1550065355630&callback=axiosJsonpCallback1
INFO: [ app_init ] --START--
INFO: Run Behavior\BuildLiteBehavior [ RunTime:0.000000s ]
INFO: [ app_init ] --END-- [ RunTime:0.001001s ]
ERR: 无法加载模块:User

[ 2019-02-13T21:43:18+08:00 ] ::1 /index.php/user/info?token=555&_=1550065398187&callback=axiosJsonpCallback1
INFO: [ app_init ] --START--
INFO: Run Behavior\BuildLiteBehavior [ RunTime:0.000000s ]
INFO: [ app_init ] --END-- [ RunTime:0.001000s ]
ERR: 无法加载模块:User

[ 2019-02-13T21:43:26+08:00 ] ::1 /index.php/user/info?token=555&_=1550065406910&callback=axiosJsonpCallback1
INFO: [ app_init ] --START--
INFO: Run Behavior\BuildLiteBehavior [ RunTime:0.001001s ]
INFO: [ app_init ] --END-- [ RunTime:0.001001s ]
ERR: 无法加载模块:User

[ 2019-02-13T21:53:10+08:00 ] ::1 /index.php/user/logout?_=1550065990094&callback=axiosJsonpCallback1
INFO: [ app_init ] --START--
INFO: Run Behavior\BuildLiteBehavior [ RunTime:0.000000s ]
INFO: [ app_init ] --END-- [ RunTime:0.001000s ]
ERR: 无法加载模块:User

[ 2019-02-13T21:53:12+08:00 ] ::1 /index.php/user/logout?_=1550065992434&callback=axiosJsonpCallback2
INFO: [ app_init ] --START--
INFO: Run Behavior\BuildLiteBehavior [ RunTime:0.000000s ]
INFO: [ app_init ] --END-- [ RunTime:0.000000s ]
ERR: 无法加载模块:User

[ 2019-02-13T21:53:17+08:00 ] ::1 /index.php/user/logout?_=1550065997493&callback=axiosJsonpCallback1
INFO: [ app_init ] --START--
INFO: Run Behavior\BuildLiteBehavior [ RunTime:0.000000s ]
INFO: [ app_init ] --END-- [ RunTime:0.001000s ]
ERR: 无法加载模块:User

[ 2019-02-13T21:53:19+08:00 ] ::1 /index.php/user/logout?_=1550065999465&callback=axiosJsonpCallback2
INFO: [ app_init ] --START--
INFO: Run Behavior\BuildLiteBehavior [ RunTime:0.000000s ]
INFO: [ app_init ] --END-- [ RunTime:0.000000s ]
ERR: 无法加载模块:User

[ 2019-02-13T21:54:13+08:00 ] ::1 /index.php/table/list?_=1550066053860&callback=axiosJsonpCallback1
INFO: [ app_init ] --START--
INFO: Run Behavior\BuildLiteBehavior [ RunTime:0.000000s ]
INFO: [ app_init ] --END-- [ RunTime:0.001001s ]
ERR: 无法加载模块:Table

[ 2019-02-13T21:54:20+08:00 ] ::1 /index.php/table/list?_=1550066060405&callback=axiosJsonpCallback2
INFO: [ app_init ] --START--
INFO: Run Behavior\BuildLiteBehavior [ RunTime:0.000000s ]
INFO: [ app_init ] --END-- [ RunTime:0.000000s ]
ERR: 无法加载模块:Table

[ 2019-02-13T21:54:37+08:00 ] ::1 /index.php/user/logout?_=1550066077714&callback=axiosJsonpCallback3
INFO: [ app_init ] --START--
INFO: Run Behavior\BuildLiteBehavior [ RunTime:0.000000s ]
INFO: [ app_init ] --END-- [ RunTime:0.000000s ]
ERR: 无法加载模块:User

