[ 2019-02-15T13:45:49+08:00 ] ::1 /index.php/table/list?_=1550209548921&callback=axiosJsonpCallback1
INFO: [ app_init ] --START--
INFO: Run Behavior\BuildLiteBehavior [ RunTime:0.000000s ]
INFO: [ app_init ] --END-- [ RunTime:0.001000s ]
ERR: 无法加载模块:Table

[ 2019-02-15T13:59:09+08:00 ] ::1 /index.php/table/list?_=1550210349730&callback=axiosJsonpCallback2
INFO: [ app_init ] --START--
INFO: Run Behavior\BuildLiteBehavior [ RunTime:0.000000s ]
INFO: [ app_init ] --END-- [ RunTime:0.001000s ]
ERR: 无法加载模块:Table

[ 2019-02-15T14:00:53+08:00 ] ::1 /index.php/table/list?_=1550210453894&callback=axiosJsonpCallback1
INFO: [ app_init ] --START--
INFO: Run Behavior\BuildLiteBehavior [ RunTime:0.000000s ]
INFO: [ app_init ] --END-- [ RunTime:0.000000s ]
ERR: 无法加载模块:Table

[ 2019-02-15T14:02:51+08:00 ] ::1 /index.php/table/list?_=1550210571773&callback=axiosJsonpCallback1
INFO: [ app_init ] --START--
INFO: Run Behavior\BuildLiteBehavior [ RunTime:0.000000s ]
INFO: [ app_init ] --END-- [ RunTime:0.000000s ]
ERR: 无法加载模块:Table

[ 2019-02-15T14:02:59+08:00 ] ::1 /index.php/table/list?_=1550210579050&callback=axiosJsonpCallback2
INFO: [ app_init ] --START--
INFO: Run Behavior\BuildLiteBehavior [ RunTime:0.000000s ]
INFO: [ app_init ] --END-- [ RunTime:0.001000s ]
ERR: 无法加载模块:Table

[ 2019-02-15T14:03:31+08:00 ] ::1 /index.php/table/list?_=1550210611169&callback=axiosJsonpCallback1
INFO: [ app_init ] --START--
INFO: Run Behavior\BuildLiteBehavior [ RunTime:0.000000s ]
INFO: [ app_init ] --END-- [ RunTime:0.000000s ]
ERR: 无法加载模块:Table

[ 2019-02-15T19:55:02+08:00 ] ::1 /index.php/user/info?token=555&_=1550231702237&callback=axiosJsonpCallback1
INFO: [ app_init ] --START--
INFO: Run Behavior\BuildLiteBehavior [ RunTime:0.000000s ]
INFO: [ app_init ] --END-- [ RunTime:0.001000s ]
ERR: 无法加载模块:User

[ 2019-02-15T19:55:13+08:00 ] ::1 /index.php/user/info?token=555&_=1550231713310&callback=axiosJsonpCallback2
INFO: [ app_init ] --START--
INFO: Run Behavior\BuildLiteBehavior [ RunTime:0.000000s ]
INFO: [ app_init ] --END-- [ RunTime:0.002000s ]
ERR: 无法加载模块:User

[ 2019-02-15T19:55:46+08:00 ] ::1 /index.php/user/info?token=555&_=1550231745997&callback=axiosJsonpCallback1
INFO: [ app_init ] --START--
INFO: Run Behavior\BuildLiteBehavior [ RunTime:0.000000s ]
INFO: [ app_init ] --END-- [ RunTime:0.002000s ]
ERR: 无法加载模块:User

[ 2019-02-15T19:56:39+08:00 ] ::1 /index.php/user/info?token=555&_=1550231799782&callback=axiosJsonpCallback2
INFO: [ app_init ] --START--
INFO: Run Behavior\BuildLiteBehavior [ RunTime:0.000000s ]
INFO: [ app_init ] --END-- [ RunTime:0.001000s ]
ERR: 无法加载模块:User

[ 2019-02-15T19:56:56+08:00 ] ::1 /index.php/user/info?token=555&_=1550231815998&callback=axiosJsonpCallback1
INFO: [ app_init ] --START--
INFO: Run Behavior\BuildLiteBehavior [ RunTime:0.001000s ]
INFO: [ app_init ] --END-- [ RunTime:0.001000s ]
ERR: 无法加载模块:User

[ 2019-02-15T19:59:38+08:00 ] ::1 /index.php/user/info?token=555&_=1550231978747&callback=axiosJsonpCallback1
INFO: [ app_init ] --START--
INFO: Run Behavior\BuildLiteBehavior [ RunTime:0.000000s ]
INFO: [ app_init ] --END-- [ RunTime:0.001000s ]
ERR: 无法加载模块:User

[ 2019-02-15T19:59:47+08:00 ] ::1 /index.php/user/info?token=555&_=1550231986956&callback=axiosJsonpCallback1
INFO: [ app_init ] --START--
INFO: Run Behavior\BuildLiteBehavior [ RunTime:0.000000s ]
INFO: [ app_init ] --END-- [ RunTime:0.000000s ]
ERR: 无法加载模块:User

[ 2019-02-15T20:01:55+08:00 ] ::1 /index.php/user/info?token=555&_=1550232115583&callback=axiosJsonpCallback1
INFO: [ app_init ] --START--
INFO: Run Behavior\BuildLiteBehavior [ RunTime:0.001000s ]
INFO: [ app_init ] --END-- [ RunTime:0.001000s ]
ERR: 无法加载模块:User

[ 2019-02-15T20:02:21+08:00 ] ::1 /index.php/user/info?token=555&_=1550232141351&callback=axiosJsonpCallback1
INFO: [ app_init ] --START--
INFO: Run Behavior\BuildLiteBehavior [ RunTime:0.000000s ]
INFO: [ app_init ] --END-- [ RunTime:0.001000s ]
ERR: 无法加载模块:User

[ 2019-02-15T20:02:27+08:00 ] ::1 /index.php/user/info?token=555&_=1550232147280&callback=axiosJsonpCallback1
INFO: [ app_init ] --START--
INFO: Run Behavior\BuildLiteBehavior [ RunTime:0.000000s ]
INFO: [ app_init ] --END-- [ RunTime:0.000000s ]
ERR: 无法加载模块:User

[ 2019-02-15T20:02:37+08:00 ] ::1 /index.php/user/info?token=555&_=1550232157550&callback=axiosJsonpCallback1
INFO: [ app_init ] --START--
INFO: Run Behavior\BuildLiteBehavior [ RunTime:0.000000s ]
INFO: [ app_init ] --END-- [ RunTime:0.000000s ]
ERR: 无法加载模块:User

[ 2019-02-15T20:04:16+08:00 ] ::1 /index.php/user/info?token=555&_=1550232256504&callback=axiosJsonpCallback1
INFO: [ app_init ] --START--
INFO: Run Behavior\BuildLiteBehavior [ RunTime:0.000000s ]
INFO: [ app_init ] --END-- [ RunTime:0.001000s ]
ERR: 无法加载模块:User

[ 2019-02-15T20:04:20+08:00 ] ::1 /index.php/user/info?token=555&_=1550232260958&callback=axiosJsonpCallback1
INFO: [ app_init ] --START--
INFO: Run Behavior\BuildLiteBehavior [ RunTime:0.000000s ]
INFO: [ app_init ] --END-- [ RunTime:0.001000s ]
ERR: 无法加载模块:User

[ 2019-02-15T20:04:59+08:00 ] ::1 /index.php/user/info?token=555&_=1550232299945&callback=axiosJsonpCallback1
INFO: [ app_init ] --START--
INFO: Run Behavior\BuildLiteBehavior [ RunTime:0.000000s ]
INFO: [ app_init ] --END-- [ RunTime:0.001000s ]
ERR: 无法加载模块:User

[ 2019-02-15T20:05:06+08:00 ] ::1 /index.php/user/info?token=555&_=1550232306916&callback=axiosJsonpCallback1
INFO: [ app_init ] --START--
INFO: Run Behavior\BuildLiteBehavior [ RunTime:0.000000s ]
INFO: [ app_init ] --END-- [ RunTime:0.000000s ]
ERR: 无法加载模块:User

[ 2019-02-15T20:05:48+08:00 ] ::1 /index.php/user/info?token=555&_=1550232348270&callback=axiosJsonpCallback1
INFO: [ app_init ] --START--
INFO: Run Behavior\BuildLiteBehavior [ RunTime:0.000000s ]
INFO: [ app_init ] --END-- [ RunTime:0.001001s ]
ERR: 无法加载模块:User

[ 2019-02-15T20:05:52+08:00 ] ::1 /index.php/user/info?token=555&_=1550232352396&callback=axiosJsonpCallback2
INFO: [ app_init ] --START--
INFO: Run Behavior\BuildLiteBehavior [ RunTime:0.000000s ]
INFO: [ app_init ] --END-- [ RunTime:0.001000s ]
ERR: 无法加载模块:User

[ 2019-02-15T20:05:57+08:00 ] ::1 /index.php/user/info?token=555&_=1550232357711&callback=axiosJsonpCallback3
INFO: [ app_init ] --START--
INFO: Run Behavior\BuildLiteBehavior [ RunTime:0.000000s ]
INFO: [ app_init ] --END-- [ RunTime:0.001001s ]
ERR: 无法加载模块:User

[ 2019-02-15T20:07:28+08:00 ] ::1 /index.php/user/info?token=555&_=1550232448638&callback=axiosJsonpCallback1
INFO: [ app_init ] --START--
INFO: Run Behavior\BuildLiteBehavior [ RunTime:0.000000s ]
INFO: [ app_init ] --END-- [ RunTime:0.000000s ]
ERR: 无法加载模块:User

[ 2019-02-15T20:07:31+08:00 ] ::1 /index.php/user/info?token=555&_=1550232451897&callback=axiosJsonpCallback2
INFO: [ app_init ] --START--
INFO: Run Behavior\BuildLiteBehavior [ RunTime:0.000000s ]
INFO: [ app_init ] --END-- [ RunTime:0.000000s ]
ERR: 无法加载模块:User

[ 2019-02-15T20:07:38+08:00 ] ::1 /index.php/user/info?token=555&_=1550232458088&callback=axiosJsonpCallback3
INFO: [ app_init ] --START--
INFO: Run Behavior\BuildLiteBehavior [ RunTime:0.000000s ]
INFO: [ app_init ] --END-- [ RunTime:0.001000s ]
ERR: 无法加载模块:User

[ 2019-02-15T20:07:41+08:00 ] ::1 /index.php/user/info?token=555&_=1550232461376&callback=axiosJsonpCallback4
INFO: [ app_init ] --START--
INFO: Run Behavior\BuildLiteBehavior [ RunTime:0.000000s ]
INFO: [ app_init ] --END-- [ RunTime:0.002000s ]
ERR: 无法加载模块:User

[ 2019-02-15T20:07:45+08:00 ] ::1 /index.php/user/info?token=555&_=1550232465340&callback=axiosJsonpCallback5
INFO: [ app_init ] --START--
INFO: Run Behavior\BuildLiteBehavior [ RunTime:0.000000s ]
INFO: [ app_init ] --END-- [ RunTime:0.000000s ]
ERR: 无法加载模块:User

